publish	Commit all Legacy Pages assets atomically	﻿2026-07-08T01:58:00.0001886Z ##[group]Run git config user.name github-actions
publish	Commit all Legacy Pages assets atomically	2026-07-08T01:58:00.0002272Z ^[[36;1mgit config user.name github-actions^[[0m
publish	Commit all Legacy Pages assets atomically	2026-07-08T01:58:00.0002609Z ^[[36;1mgit config user.email github-actions@github.com^[[0m
publish	Commit all Legacy Pages assets atomically	2026-07-08T01:58:00.0002923Z ^[[36;1mgit add \^[[0m
publish	Commit all Legacy Pages assets atomically	2026-07-08T01:58:00.0003128Z ^[[36;1m  .nojekyll \^[[0m
publish	Commit all Legacy Pages assets atomically	2026-07-08T01:58:00.0003345Z ^[[36;1m  vendor/v86 \^[[0m
publish	Commit all Legacy Pages assets atomically	2026-07-08T01:58:00.0003584Z ^[[36;1m  os/real-multiboot/app.js \^[[0m
publish	Commit all Legacy Pages assets atomically	2026-07-08T01:58:00.0003889Z ^[[36;1m  os/real-multiboot/app-legacy-chunked.js \^[[0m
publish	Commit all Legacy Pages assets atomically	2026-07-08T01:58:00.0004205Z ^[[36;1m  os/real-multiboot/index.html \^[[0m
publish	Commit all Legacy Pages assets atomically	2026-07-08T01:58:00.0004480Z ^[[36;1m  os/real-multiboot/assets \^[[0m
publish	Commit all Legacy Pages assets atomically	2026-07-08T01:58:00.0004774Z ^[[36;1m  os/iso/legacy-assets-status.json^[[0m
publish	Commit all Legacy Pages assets atomically	2026-07-08T01:58:00.0005166Z ^[[36;1mgit commit -m 'Publish complete chunked i386 OS for Legacy Pages'^[[0m
publish	Commit all Legacy Pages assets atomically	2026-07-08T01:58:00.0005601Z ^[[36;1mfor attempt in 1 2 3 4 5; do^[[0m
publish	Commit all Legacy Pages assets atomically	2026-07-08T01:58:00.0005975Z ^[[36;1m  git pull --rebase origin main && git push origin HEAD:main && exit 0^[[0m
publish	Commit all Legacy Pages assets atomically	2026-07-08T01:58:00.0006417Z ^[[36;1m  git rebase --abort 2>/dev/null || true^[[0m
publish	Commit all Legacy Pages assets atomically	2026-07-08T01:58:00.0006717Z ^[[36;1m  sleep $((attempt * 10))^[[0m
publish	Commit all Legacy Pages assets atomically	2026-07-08T01:58:00.0006977Z ^[[36;1mdone^[[0m
publish	Commit all Legacy Pages assets atomically	2026-07-08T01:58:00.0007172Z ^[[36;1mexit 1^[[0m
publish	Commit all Legacy Pages assets atomically	2026-07-08T01:58:00.0041232Z shell: /usr/bin/bash -e {0}
publish	Commit all Legacy Pages assets atomically	2026-07-08T01:58:00.0041494Z ##[endgroup]
publish	Commit all Legacy Pages assets atomically	2026-07-08T01:58:11.2980546Z [main be2dda2] Publish complete chunked i386 OS for Legacy Pages
publish	Commit all Legacy Pages assets atomically	2026-07-08T01:58:11.2982896Z  32 files changed, 1005 insertions(+), 219 deletions(-)
publish	Commit all Legacy Pages assets atomically	2026-07-08T01:58:11.2983372Z  create mode 100644 os/iso/legacy-assets-status.json
publish	Commit all Legacy Pages assets atomically	2026-07-08T01:58:11.2983764Z  create mode 100644 os/real-multiboot/assets/deployment.json
publish	Commit all Legacy Pages assets atomically	2026-07-08T01:58:11.2984170Z  create mode 100644 os/real-multiboot/assets/initrd.img
publish	Commit all Legacy Pages assets atomically	2026-07-08T01:58:11.2984528Z  create mode 100644 os/real-multiboot/assets/iso-meta.json
publish	Commit all Legacy Pages assets atomically	2026-07-08T01:58:11.2985036Z  create mode 100644 os/real-multiboot/assets/v86-parts/gorics-linux-gui-web-i386.iso-0-16777216
publish	Commit all Legacy Pages assets atomically	2026-07-08T01:58:11.2985712Z  create mode 100644 os/real-multiboot/assets/v86-parts/gorics-linux-gui-web-i386.iso-100663296-117440512
publish	Commit all Legacy Pages assets atomically	2026-07-08T01:58:11.2986381Z  create mode 100644 os/real-multiboot/assets/v86-parts/gorics-linux-gui-web-i386.iso-117440512-134217728
publish	Commit all Legacy Pages assets atomically	2026-07-08T01:58:11.2987009Z  create mode 100644 os/real-multiboot/assets/v86-parts/gorics-linux-gui-web-i386.iso-134217728-150994944
publish	Commit all Legacy Pages assets atomically	2026-07-08T01:58:11.2987633Z  create mode 100644 os/real-multiboot/assets/v86-parts/gorics-linux-gui-web-i386.iso-150994944-167772160
publish	Commit all Legacy Pages assets atomically	2026-07-08T01:58:11.2988269Z  create mode 100644 os/real-multiboot/assets/v86-parts/gorics-linux-gui-web-i386.iso-16777216-33554432
publish	Commit all Legacy Pages assets atomically	2026-07-08T01:58:11.2989382Z  create mode 100644 os/real-multiboot/assets/v86-parts/gorics-linux-gui-web-i386.iso-167772160-184549376
publish	Commit all Legacy Pages assets atomically	2026-07-08T01:58:11.2990408Z  create mode 100644 os/real-multiboot/assets/v86-parts/gorics-linux-gui-web-i386.iso-184549376-201326592
publish	Commit all Legacy Pages assets atomically	2026-07-08T01:58:11.2991414Z  create mode 100644 os/real-multiboot/assets/v86-parts/gorics-linux-gui-web-i386.iso-201326592-218103808
publish	Commit all Legacy Pages assets atomically	2026-07-08T01:58:11.2992493Z  create mode 100644 os/real-multiboot/assets/v86-parts/gorics-linux-gui-web-i386.iso-218103808-234881024
publish	Commit all Legacy Pages assets atomically	2026-07-08T01:58:11.2993548Z  create mode 100644 os/real-multiboot/assets/v86-parts/gorics-linux-gui-web-i386.iso-234881024-251658240
publish	Commit all Legacy Pages assets atomically	2026-07-08T01:58:11.2994604Z  create mode 100644 os/real-multiboot/assets/v86-parts/gorics-linux-gui-web-i386.iso-251658240-268435456
publish	Commit all Legacy Pages assets atomically	2026-07-08T01:58:11.2995599Z  create mode 100644 os/real-multiboot/assets/v86-parts/gorics-linux-gui-web-i386.iso-268435456-285212672
publish	Commit all Legacy Pages assets atomically	2026-07-08T01:58:11.2996234Z  create mode 100644 os/real-multiboot/assets/v86-parts/gorics-linux-gui-web-i386.iso-285212672-301989888
publish	Commit all Legacy Pages assets atomically	2026-07-08T01:58:11.2997157Z  create mode 100644 os/real-multiboot/assets/v86-parts/gorics-linux-gui-web-i386.iso-301989888-318767104
publish	Commit all Legacy Pages assets atomically	2026-07-08T01:58:11.2997812Z  create mode 100644 os/real-multiboot/assets/v86-parts/gorics-linux-gui-web-i386.iso-318767104-335544320
publish	Commit all Legacy Pages assets atomically	2026-07-08T01:58:11.2998680Z  create mode 100644 os/real-multiboot/assets/v86-parts/gorics-linux-gui-web-i386.iso-33554432-50331648
publish	Commit all Legacy Pages assets atomically	2026-07-08T01:58:11.2999512Z  create mode 100644 os/real-multiboot/assets/v86-parts/gorics-linux-gui-web-i386.iso-335544320-352321536
publish	Commit all Legacy Pages assets atomically	2026-07-08T01:58:11.3000144Z  create mode 100644 os/real-multiboot/assets/v86-parts/gorics-linux-gui-web-i386.iso-50331648-67108864
publish	Commit all Legacy Pages assets atomically	2026-07-08T01:58:11.3000770Z  create mode 100644 os/real-multiboot/assets/v86-parts/gorics-linux-gui-web-i386.iso-67108864-83886080
publish	Commit all Legacy Pages assets atomically	2026-07-08T01:58:11.3001403Z  create mode 100644 os/real-multiboot/assets/v86-parts/gorics-linux-gui-web-i386.iso-83886080-100663296
publish	Commit all Legacy Pages assets atomically	2026-07-08T01:58:11.3001903Z  create mode 100644 os/real-multiboot/assets/vmlinuz
publish	Commit all Legacy Pages assets atomically	2026-07-08T01:58:11.3002227Z  create mode 100644 vendor/v86/libv86.js
publish	Commit all Legacy Pages assets atomically	2026-07-08T01:58:11.3002533Z  create mode 100644 vendor/v86/seabios.bin
publish	Commit all Legacy Pages assets atomically	2026-07-08T01:58:11.3002811Z  create mode 100644 vendor/v86/v86.wasm
publish	Commit all Legacy Pages assets atomically	2026-07-08T01:58:11.3003078Z  create mode 100644 vendor/v86/vgabios.bin
publish	Commit all Legacy Pages assets atomically	2026-07-08T01:58:11.4831554Z From https://github.com/gorics/website
publish	Commit all Legacy Pages assets atomically	2026-07-08T01:58:11.4832144Z  * branch            main       -> FETCH_HEAD
publish	Commit all Legacy Pages assets atomically	2026-07-08T01:58:11.4928205Z Current branch main is up to date.
publish	Commit all Legacy Pages assets atomically	2026-07-08T01:58:49.4857588Z To https://github.com/gorics/website
publish	Commit all Legacy Pages assets atomically	2026-07-08T01:58:49.4859635Z  ! [remote rejected] HEAD -> main (cannot lock ref 'refs/heads/main': is at b72b185b636031bcd54bd273f92da90c90945966 but expected 1754102613a949eb3804b149c451865f40712f43)
publish	Commit all Legacy Pages assets atomically	2026-07-08T01:58:49.4862296Z error: failed to push some refs to 'https://github.com/gorics/website'
publish	Commit all Legacy Pages assets atomically	2026-07-08T01:58:59.7604362Z From https://github.com/gorics/website
publish	Commit all Legacy Pages assets atomically	2026-07-08T01:58:59.7605198Z  * branch            main       -> FETCH_HEAD
publish	Commit all Legacy Pages assets atomically	2026-07-08T01:58:59.7606120Z    1754102..adc9cd2  main       -> origin/main
publish	Commit all Legacy Pages assets atomically	2026-07-08T01:59:00.3735780Z Rebasing (1/1)
publish	Commit all Legacy Pages assets atomically	2026-07-08T01:59:00.3736305Z Successfully rebased and updated refs/heads/main.
publish	Commit all Legacy Pages assets atomically	2026-07-08T01:59:33.2080274Z To https://github.com/gorics/website
publish	Commit all Legacy Pages assets atomically	2026-07-08T01:59:33.2081551Z  ! [remote rejected] HEAD -> main (cannot lock ref 'refs/heads/main': is at 091924a83323c7808cce86d4db9180c4e0ff4ade but expected adc9cd223820a50905fe3be6fe192456525376af)
publish	Commit all Legacy Pages assets atomically	2026-07-08T01:59:33.2082826Z error: failed to push some refs to 'https://github.com/gorics/website'
publish	Commit all Legacy Pages assets atomically	2026-07-08T01:59:54.2829028Z From https://github.com/gorics/website
publish	Commit all Legacy Pages assets atomically	2026-07-08T01:59:54.2829675Z  * branch            main       -> FETCH_HEAD
publish	Commit all Legacy Pages assets atomically	2026-07-08T01:59:54.2830203Z    adc9cd2..921697e  main       -> origin/main
publish	Commit all Legacy Pages assets atomically	2026-07-08T01:59:54.9006636Z Auto-merging os/real-multiboot/app.js
publish	Commit all Legacy Pages assets atomically	2026-07-08T01:59:54.9007338Z CONFLICT (content): Merge conflict in os/real-multiboot/app.js
publish	Commit all Legacy Pages assets atomically	2026-07-08T01:59:54.9013738Z Rebasing (1/1)
publish	Commit all Legacy Pages assets atomically	2026-07-08T01:59:54.9014322Z error: could not apply c4a8b2d... Publish complete chunked i386 OS for Legacy Pages
publish	Commit all Legacy Pages assets atomically	2026-07-08T01:59:54.9014918Z hint: Resolve all conflicts manually, mark them as resolved with
publish	Commit all Legacy Pages assets atomically	2026-07-08T01:59:54.9015369Z hint: "git add/rm <conflicted_files>", then run "git rebase --continue".
publish	Commit all Legacy Pages assets atomically	2026-07-08T01:59:54.9015811Z hint: You can instead skip this commit: run "git rebase --skip".
publish	Commit all Legacy Pages assets atomically	2026-07-08T01:59:54.9016292Z hint: To abort and get back to the state before "git rebase", run "git rebase --abort".
publish	Commit all Legacy Pages assets atomically	2026-07-08T01:59:54.9016838Z hint: Disable this message with "git config set advice.mergeConflict false"
publish	Commit all Legacy Pages assets atomically	2026-07-08T01:59:54.9017824Z Could not apply c4a8b2d... # Publish complete chunked i386 OS for Legacy Pages
publish	Commit all Legacy Pages assets atomically	2026-07-08T02:00:27.3255905Z From https://github.com/gorics/website
publish	Commit all Legacy Pages assets atomically	2026-07-08T02:00:27.3256479Z  * branch            main       -> FETCH_HEAD
publish	Commit all Legacy Pages assets atomically	2026-07-08T02:00:27.3256936Z    921697e..4ffc3a4  main       -> origin/main
publish	Commit all Legacy Pages assets atomically	2026-07-08T02:00:27.9470942Z Auto-merging os/real-multiboot/app.js
publish	Commit all Legacy Pages assets atomically	2026-07-08T02:00:27.9471659Z CONFLICT (content): Merge conflict in os/real-multiboot/app.js
publish	Commit all Legacy Pages assets atomically	2026-07-08T02:00:27.9478286Z Rebasing (1/1)
publish	Commit all Legacy Pages assets atomically	2026-07-08T02:00:27.9479043Z error: could not apply c4a8b2d... Publish complete chunked i386 OS for Legacy Pages
publish	Commit all Legacy Pages assets atomically	2026-07-08T02:00:27.9479733Z hint: Resolve all conflicts manually, mark them as resolved with
publish	Commit all Legacy Pages assets atomically	2026-07-08T02:00:27.9480394Z hint: "git add/rm <conflicted_files>", then run "git rebase --continue".
publish	Commit all Legacy Pages assets atomically	2026-07-08T02:00:27.9483750Z hint: You can instead skip this commit: run "git rebase --skip".
publish	Commit all Legacy Pages assets atomically	2026-07-08T02:00:27.9484465Z hint: To abort and get back to the state before "git rebase", run "git rebase --abort".
publish	Commit all Legacy Pages assets atomically	2026-07-08T02:00:27.9485255Z hint: Disable this message with "git config set advice.mergeConflict false"
publish	Commit all Legacy Pages assets atomically	2026-07-08T02:00:27.9490321Z Could not apply c4a8b2d... # Publish complete chunked i386 OS for Legacy Pages
publish	Commit all Legacy Pages assets atomically	2026-07-08T02:01:10.3669124Z From https://github.com/gorics/website
publish	Commit all Legacy Pages assets atomically	2026-07-08T02:01:10.3669988Z  * branch            main       -> FETCH_HEAD
publish	Commit all Legacy Pages assets atomically	2026-07-08T02:01:10.3670493Z    4ffc3a4..437be7b  main       -> origin/main
publish	Commit all Legacy Pages assets atomically	2026-07-08T02:01:10.9896297Z Auto-merging os/real-multiboot/app.js
publish	Commit all Legacy Pages assets atomically	2026-07-08T02:01:10.9897008Z CONFLICT (content): Merge conflict in os/real-multiboot/app.js
publish	Commit all Legacy Pages assets atomically	2026-07-08T02:01:10.9897598Z Auto-merging os/real-multiboot/index.html
publish	Commit all Legacy Pages assets atomically	2026-07-08T02:01:10.9898180Z CONFLICT (content): Merge conflict in os/real-multiboot/index.html
publish	Commit all Legacy Pages assets atomically	2026-07-08T02:01:10.9904666Z Rebasing (1/1)
publish	Commit all Legacy Pages assets atomically	2026-07-08T02:01:10.9905300Z error: could not apply c4a8b2d... Publish complete chunked i386 OS for Legacy Pages
publish	Commit all Legacy Pages assets atomically	2026-07-08T02:01:10.9905798Z hint: Resolve all conflicts manually, mark them as resolved with
publish	Commit all Legacy Pages assets atomically	2026-07-08T02:01:10.9906255Z hint: "git add/rm <conflicted_files>", then run "git rebase --continue".
publish	Commit all Legacy Pages assets atomically	2026-07-08T02:01:10.9906697Z hint: You can instead skip this commit: run "git rebase --skip".
publish	Commit all Legacy Pages assets atomically	2026-07-08T02:01:10.9907148Z hint: To abort and get back to the state before "git rebase", run "git rebase --abort".
publish	Commit all Legacy Pages assets atomically	2026-07-08T02:01:10.9907651Z hint: Disable this message with "git config set advice.mergeConflict false"
publish	Commit all Legacy Pages assets atomically	2026-07-08T02:01:10.9908706Z Could not apply c4a8b2d... # Publish complete chunked i386 OS for Legacy Pages
publish	Commit all Legacy Pages assets atomically	2026-07-08T02:02:03.1023027Z ##[error]Process completed with exit code 1.
