browser-boot	Boot public i386 Openbox in v86	﻿2026-07-08T02:25:00.7364177Z ##[group]Run mkdir -p browser-proof
browser-boot	Boot public i386 Openbox in v86	2026-07-08T02:25:00.7364613Z ^[[36;1mmkdir -p browser-proof^[[0m
browser-boot	Boot public i386 Openbox in v86	2026-07-08T02:25:00.7364904Z ^[[36;1mcat > /tmp/verify-public-v86.mjs <<'JS'^[[0m
browser-boot	Boot public i386 Openbox in v86	2026-07-08T02:25:00.7365232Z ^[[36;1mimport { chromium } from 'playwright';^[[0m
browser-boot	Boot public i386 Openbox in v86	2026-07-08T02:25:00.7365531Z ^[[36;1mimport fs from 'node:fs';^[[0m
browser-boot	Boot public i386 Openbox in v86	2026-07-08T02:25:00.7365781Z ^[[36;1m^[[0m
browser-boot	Boot public i386 Openbox in v86	2026-07-08T02:25:00.7366028Z ^[[36;1mconst target = process.env.TARGET_URL;^[[0m
browser-boot	Boot public i386 Openbox in v86	2026-07-08T02:25:00.7366320Z ^[[36;1mconst startedAt = Date.now();^[[0m
browser-boot	Boot public i386 Openbox in v86	2026-07-08T02:25:00.7366616Z ^[[36;1mconst result = {^[[0m
browser-boot	Boot public i386 Openbox in v86	2026-07-08T02:25:00.7366884Z ^[[36;1m  run_id: process.env.GITHUB_RUN_ID,^[[0m
browser-boot	Boot public i386 Openbox in v86	2026-07-08T02:25:00.7367166Z ^[[36;1m  target,^[[0m
browser-boot	Boot public i386 Openbox in v86	2026-07-08T02:25:00.7367397Z ^[[36;1m  started_at: new Date().toISOString(),^[[0m
browser-boot	Boot public i386 Openbox in v86	2026-07-08T02:25:00.7367680Z ^[[36;1m  success: false,^[[0m
browser-boot	Boot public i386 Openbox in v86	2026-07-08T02:25:00.7367909Z ^[[36;1m  gui_ready: false,^[[0m
browser-boot	Boot public i386 Openbox in v86	2026-07-08T02:25:00.7368143Z ^[[36;1m  xorg_ready: false,^[[0m
browser-boot	Boot public i386 Openbox in v86	2026-07-08T02:25:00.7368389Z ^[[36;1m  emulator_started: false,^[[0m
browser-boot	Boot public i386 Openbox in v86	2026-07-08T02:25:00.7368708Z ^[[36;1m  screen_sizes: [],^[[0m
browser-boot	Boot public i386 Openbox in v86	2026-07-08T02:25:00.7368936Z ^[[36;1m  console: [],^[[0m
browser-boot	Boot public i386 Openbox in v86	2026-07-08T02:25:00.7369166Z ^[[36;1m  page_errors: [],^[[0m
browser-boot	Boot public i386 Openbox in v86	2026-07-08T02:25:00.7369407Z ^[[36;1m  log_tail: '',^[[0m
browser-boot	Boot public i386 Openbox in v86	2026-07-08T02:25:00.7369622Z ^[[36;1m};^[[0m
browser-boot	Boot public i386 Openbox in v86	2026-07-08T02:25:00.7369807Z ^[[36;1m^[[0m
browser-boot	Boot public i386 Openbox in v86	2026-07-08T02:25:00.7370025Z ^[[36;1mconst browser = await chromium.launch({^[[0m
browser-boot	Boot public i386 Openbox in v86	2026-07-08T02:25:00.7370323Z ^[[36;1m  headless: true,^[[0m
browser-boot	Boot public i386 Openbox in v86	2026-07-08T02:25:00.7370543Z ^[[36;1m  args: [^[[0m
browser-boot	Boot public i386 Openbox in v86	2026-07-08T02:25:00.7370764Z ^[[36;1m    '--disable-dev-shm-usage',^[[0m
browser-boot	Boot public i386 Openbox in v86	2026-07-08T02:25:00.7371236Z ^[[36;1m    '--no-sandbox',^[[0m
browser-boot	Boot public i386 Openbox in v86	2026-07-08T02:25:00.7371531Z ^[[36;1m    '--disable-background-timer-throttling',^[[0m
browser-boot	Boot public i386 Openbox in v86	2026-07-08T02:25:00.7371869Z ^[[36;1m    '--disable-renderer-backgrounding',^[[0m
browser-boot	Boot public i386 Openbox in v86	2026-07-08T02:25:00.7372254Z ^[[36;1m    '--disable-backgrounding-occluded-windows',^[[0m
browser-boot	Boot public i386 Openbox in v86	2026-07-08T02:25:00.7372606Z ^[[36;1m    '--js-flags=--max-old-space-size=2048',^[[0m
browser-boot	Boot public i386 Openbox in v86	2026-07-08T02:25:00.7372888Z ^[[36;1m  ],^[[0m
browser-boot	Boot public i386 Openbox in v86	2026-07-08T02:25:00.7373089Z ^[[36;1m});^[[0m
browser-boot	Boot public i386 Openbox in v86	2026-07-08T02:25:00.7373320Z ^[[36;1mconst context = await browser.newContext({^[[0m
browser-boot	Boot public i386 Openbox in v86	2026-07-08T02:25:00.7373636Z ^[[36;1m  viewport: { width: 1440, height: 1000 },^[[0m
browser-boot	Boot public i386 Openbox in v86	2026-07-08T02:25:00.7373920Z ^[[36;1m  deviceScaleFactor: 1,^[[0m
browser-boot	Boot public i386 Openbox in v86	2026-07-08T02:25:00.7374160Z ^[[36;1m});^[[0m
browser-boot	Boot public i386 Openbox in v86	2026-07-08T02:25:00.7374381Z ^[[36;1mconst page = await context.newPage();^[[0m
browser-boot	Boot public i386 Openbox in v86	2026-07-08T02:25:00.7374885Z ^[[36;1mpage.setDefaultTimeout(120_000);^[[0m
browser-boot	Boot public i386 Openbox in v86	2026-07-08T02:25:00.7375176Z ^[[36;1mpage.on('console', (message) => {^[[0m
browser-boot	Boot public i386 Openbox in v86	2026-07-08T02:25:00.7375502Z ^[[36;1m  const text = `${message.type()}: ${message.text()}`;^[[0m
browser-boot	Boot public i386 Openbox in v86	2026-07-08T02:25:00.7375833Z ^[[36;1m  result.console.push(text);^[[0m
browser-boot	Boot public i386 Openbox in v86	2026-07-08T02:25:00.7376174Z ^[[36;1m  if (result.console.length > 1000) result.console.shift();^[[0m
browser-boot	Boot public i386 Openbox in v86	2026-07-08T02:25:00.7376528Z ^[[36;1m  console.log('[browser]', text);^[[0m
browser-boot	Boot public i386 Openbox in v86	2026-07-08T02:25:00.7376779Z ^[[36;1m});^[[0m
browser-boot	Boot public i386 Openbox in v86	2026-07-08T02:25:00.7376985Z ^[[36;1mpage.on('pageerror', (error) => {^[[0m
browser-boot	Boot public i386 Openbox in v86	2026-07-08T02:25:00.7377280Z ^[[36;1m  result.page_errors.push(String(error));^[[0m
browser-boot	Boot public i386 Openbox in v86	2026-07-08T02:25:00.7377597Z ^[[36;1m  console.error('[pageerror]', error);^[[0m
browser-boot	Boot public i386 Openbox in v86	2026-07-08T02:25:00.7377869Z ^[[36;1m});^[[0m
browser-boot	Boot public i386 Openbox in v86	2026-07-08T02:25:00.7378089Z ^[[36;1mpage.on('requestfailed', (request) => {^[[0m
browser-boot	Boot public i386 Openbox in v86	2026-07-08T02:25:00.7378507Z ^[[36;1m  const text = `${request.url()} :: ${request.failure()?.errorText || 'failed'}`;^[[0m
browser-boot	Boot public i386 Openbox in v86	2026-07-08T02:25:00.7378983Z ^[[36;1m  result.console.push(`requestfailed: ${text}`);^[[0m
browser-boot	Boot public i386 Openbox in v86	2026-07-08T02:25:00.7379330Z ^[[36;1m  console.error('[requestfailed]', text);^[[0m
browser-boot	Boot public i386 Openbox in v86	2026-07-08T02:25:00.7379603Z ^[[36;1m});^[[0m
browser-boot	Boot public i386 Openbox in v86	2026-07-08T02:25:00.7379786Z ^[[36;1m^[[0m
browser-boot	Boot public i386 Openbox in v86	2026-07-08T02:25:00.7379972Z ^[[36;1mtry {^[[0m
browser-boot	Boot public i386 Openbox in v86	2026-07-08T02:25:00.7380360Z ^[[36;1m  const response = await page.goto(target, { waitUntil: 'domcontentloaded', timeout: 120_000 });^[[0m
browser-boot	Boot public i386 Openbox in v86	2026-07-08T02:25:00.7380971Z ^[[36;1m  result.page_http = response?.status() || null;^[[0m
browser-boot	Boot public i386 Openbox in v86	2026-07-08T02:25:00.7381365Z ^[[36;1m  await page.waitForSelector('#boot-btn', { timeout: 60_000 });^[[0m
browser-boot	Boot public i386 Openbox in v86	2026-07-08T02:25:00.7381978Z ^[[36;1m  const initial = await page.locator('#log').innerText();^[[0m
browser-boot	Boot public i386 Openbox in v86	2026-07-08T02:25:00.7382499Z ^[[36;1m  if (!initial.includes('page. q')) throw new Error(`unexpected public version: ${initial}`);^[[0m
browser-boot	Boot public i386 Openbox in v86	2026-07-08T02:25:00.7383090Z ^[[36;1m  await page.screenshot({ path: 'browser-proof/00-page-q.png', fullPage: true });^[[0m
browser-boot	Boot public i386 Openbox in v86	2026-07-08T02:25:00.7383511Z ^[[36;1m  await page.click('#boot-btn');^[[0m
browser-boot	Boot public i386 Openbox in v86	2026-07-08T02:25:00.7383782Z ^[[36;1m^[[0m
browser-boot	Boot public i386 Openbox in v86	2026-07-08T02:25:00.7383975Z ^[[36;1m  let lastScreenshot = 0;^[[0m
browser-boot	Boot public i386 Openbox in v86	2026-07-08T02:25:00.7384234Z ^[[36;1m  let previousLog = '';^[[0m
browser-boot	Boot public i386 Openbox in v86	2026-07-08T02:25:00.7384510Z ^[[36;1m  const deadline = Date.now() + 16 * 60_000;^[[0m
browser-boot	Boot public i386 Openbox in v86	2026-07-08T02:25:00.7384815Z ^[[36;1m  while (Date.now() < deadline) {^[[0m
browser-boot	Boot public i386 Openbox in v86	2026-07-08T02:25:00.7385106Z ^[[36;1m    await page.waitForTimeout(5000);^[[0m
browser-boot	Boot public i386 Openbox in v86	2026-07-08T02:25:00.7385482Z ^[[36;1m    const log = await page.locator('#log').innerText().catch(() => '');^[[0m
browser-boot	Boot public i386 Openbox in v86	2026-07-08T02:25:00.7385872Z ^[[36;1m    result.log_tail = log.slice(-20_000);^[[0m
browser-boot	Boot public i386 Openbox in v86	2026-07-08T02:25:00.7386169Z ^[[36;1m    if (log !== previousLog) {^[[0m
browser-boot	Boot public i386 Openbox in v86	2026-07-08T02:25:00.7386505Z ^[[36;1m      console.log('--- LOG TAIL ---\n' + log.slice(-4000));^[[0m
browser-boot	Boot public i386 Openbox in v86	2026-07-08T02:25:00.7386850Z ^[[36;1m      previousLog = log;^[[0m
browser-boot	Boot public i386 Openbox in v86	2026-07-08T02:25:00.7387090Z ^[[36;1m    }^[[0m
browser-boot	Boot public i386 Openbox in v86	2026-07-08T02:25:00.7387407Z ^[[36;1m    if (log.includes('emulator-started')) result.emulator_started = true;^[[0m
browser-boot	Boot public i386 Openbox in v86	2026-07-08T02:25:00.7387877Z ^[[36;1m    if (log.includes('GORICS_XORG_READY')) result.xorg_ready = true;^[[0m
browser-boot	Boot public i386 Openbox in v86	2026-07-08T02:25:00.7388266Z ^[[36;1m    if (log.includes('GORICS_WEB_GUI_READY')) {^[[0m
browser-boot	Boot public i386 Openbox in v86	2026-07-08T02:25:00.7388571Z ^[[36;1m      result.gui_ready = true;^[[0m
browser-boot	Boot public i386 Openbox in v86	2026-07-08T02:25:00.7388838Z ^[[36;1m      result.success = true;^[[0m
browser-boot	Boot public i386 Openbox in v86	2026-07-08T02:25:00.7389085Z ^[[36;1m      break;^[[0m
browser-boot	Boot public i386 Openbox in v86	2026-07-08T02:25:00.7389312Z ^[[36;1m    }^[[0m
browser-boot	Boot public i386 Openbox in v86	2026-07-08T02:25:00.7389718Z ^[[36;1m    if (/ERROR |download-error|GORICS_WEB_GUI_FAILED|GORICS_XORG_FAILED|GORICS_XORG_TIMEOUT/.test(log)) {^[[0m
browser-boot	Boot public i386 Openbox in v86	2026-07-08T02:25:00.7390240Z ^[[36;1m      throw new Error('fatal marker in browser log');^[[0m
browser-boot	Boot public i386 Openbox in v86	2026-07-08T02:25:00.7390547Z ^[[36;1m    }^[[0m
browser-boot	Boot public i386 Openbox in v86	2026-07-08T02:25:00.7391146Z ^[[36;1m    const matches = [...log.matchAll(/screen-set-size\s+(\[[^\n]+\])/g)].map((m) => m[1]);^[[0m
browser-boot	Boot public i386 Openbox in v86	2026-07-08T02:25:00.7391734Z ^[[36;1m    result.screen_sizes = [...new Set(matches)].slice(-20);^[[0m
browser-boot	Boot public i386 Openbox in v86	2026-07-08T02:25:00.7392095Z ^[[36;1m    const elapsed = Date.now() - startedAt;^[[0m
browser-boot	Boot public i386 Openbox in v86	2026-07-08T02:25:00.7392586Z ^[[36;1m    if (elapsed - lastScreenshot >= 120_000) {^[[0m
browser-boot	Boot public i386 Openbox in v86	2026-07-08T02:25:00.7392895Z ^[[36;1m      lastScreenshot = elapsed;^[[0m
browser-boot	Boot public i386 Openbox in v86	2026-07-08T02:25:00.7393412Z ^[[36;1m      await page.screenshot({ path: `browser-proof/progress-${Math.floor(elapsed / 1000)}s.png`, fullPage: true });^[[0m
browser-boot	Boot public i386 Openbox in v86	2026-07-08T02:25:00.7393902Z ^[[36;1m    }^[[0m
browser-boot	Boot public i386 Openbox in v86	2026-07-08T02:25:00.7394086Z ^[[36;1m  }^[[0m
browser-boot	Boot public i386 Openbox in v86	2026-07-08T02:25:00.7394382Z ^[[36;1m  if (!result.gui_ready) throw new Error('GORICS_WEB_GUI_READY timeout');^[[0m
browser-boot	Boot public i386 Openbox in v86	2026-07-08T02:25:00.7394774Z ^[[36;1m  await page.waitForTimeout(20_000);^[[0m
browser-boot	Boot public i386 Openbox in v86	2026-07-08T02:25:00.7395210Z ^[[36;1m  await page.screenshot({ path: 'browser-proof/99-openbox-ready.png', fullPage: true });^[[0m
browser-boot	Boot public i386 Openbox in v86	2026-07-08T02:25:00.7395689Z ^[[36;1m  const canvas = page.locator('#screen canvas');^[[0m
browser-boot	Boot public i386 Openbox in v86	2026-07-08T02:25:00.7396000Z ^[[36;1m  if (await canvas.count()) {^[[0m
browser-boot	Boot public i386 Openbox in v86	2026-07-08T02:25:00.7396426Z ^[[36;1m    await canvas.screenshot({ path: 'browser-proof/99-screen-canvas.png' }).catch(() => {});^[[0m
browser-boot	Boot public i386 Openbox in v86	2026-07-08T02:25:00.7396848Z ^[[36;1m  }^[[0m
browser-boot	Boot public i386 Openbox in v86	2026-07-08T02:25:00.7397046Z ^[[36;1m} catch (error) {^[[0m
browser-boot	Boot public i386 Openbox in v86	2026-07-08T02:25:00.7397319Z ^[[36;1m  result.error = String(error?.stack || error);^[[0m
browser-boot	Boot public i386 Openbox in v86	2026-07-08T02:25:00.7397806Z ^[[36;1m  await page.screenshot({ path: 'browser-proof/99-failure.png', fullPage: true }).catch(() => {});^[[0m
browser-boot	Boot public i386 Openbox in v86	2026-07-08T02:25:00.7398248Z ^[[36;1m} finally {^[[0m
browser-boot	Boot public i386 Openbox in v86	2026-07-08T02:25:00.7398505Z ^[[36;1m  result.finished_at = new Date().toISOString();^[[0m
browser-boot	Boot public i386 Openbox in v86	2026-07-08T02:25:00.7398919Z ^[[36;1m  result.duration_seconds = Math.round((Date.now() - startedAt) / 1000);^[[0m
browser-boot	Boot public i386 Openbox in v86	2026-07-08T02:25:00.7399472Z ^[[36;1m  fs.writeFileSync('browser-proof/result.json', JSON.stringify(result, null, 2) + '\n');^[[0m
browser-boot	Boot public i386 Openbox in v86	2026-07-08T02:25:00.7400145Z ^[[36;1m  fs.writeFileSync('browser-proof/log.txt', result.log_tail || '');^[[0m
browser-boot	Boot public i386 Openbox in v86	2026-07-08T02:25:00.7400549Z ^[[36;1m  console.log(JSON.stringify(result, null, 2));^[[0m
browser-boot	Boot public i386 Openbox in v86	2026-07-08T02:25:00.7400984Z ^[[36;1m  await browser.close();^[[0m
browser-boot	Boot public i386 Openbox in v86	2026-07-08T02:25:00.7401227Z ^[[36;1m}^[[0m
browser-boot	Boot public i386 Openbox in v86	2026-07-08T02:25:00.7401443Z ^[[36;1mif (!result.success) process.exit(1);^[[0m
browser-boot	Boot public i386 Openbox in v86	2026-07-08T02:25:00.7401713Z ^[[36;1mJS^[[0m
browser-boot	Boot public i386 Openbox in v86	2026-07-08T02:25:00.7401926Z ^[[36;1mnode /tmp/verify-public-v86.mjs^[[0m
browser-boot	Boot public i386 Openbox in v86	2026-07-08T02:25:00.7437942Z shell: /usr/bin/bash -e {0}
browser-boot	Boot public i386 Openbox in v86	2026-07-08T02:25:00.7438200Z env:
browser-boot	Boot public i386 Openbox in v86	2026-07-08T02:25:00.7438578Z   TARGET_URL: https://gorics.github.io/website/os/real-multiboot/?v=q-browser-28912917591
browser-boot	Boot public i386 Openbox in v86	2026-07-08T02:25:00.7439020Z ##[endgroup]
browser-boot	Boot public i386 Openbox in v86	2026-07-08T02:25:00.7827731Z node:internal/modules/package_json_reader:314
browser-boot	Boot public i386 Openbox in v86	2026-07-08T02:25:00.7828751Z   throw new ERR_MODULE_NOT_FOUND(packageName, fileURLToPath(base), null);
browser-boot	Boot public i386 Openbox in v86	2026-07-08T02:25:00.7829523Z         ^
browser-boot	Boot public i386 Openbox in v86	2026-07-08T02:25:00.7829696Z 
browser-boot	Boot public i386 Openbox in v86	2026-07-08T02:25:00.7830225Z Error [ERR_MODULE_NOT_FOUND]: Cannot find package 'playwright' imported from /tmp/verify-public-v86.mjs
browser-boot	Boot public i386 Openbox in v86	2026-07-08T02:25:00.7831254Z     at Object.getPackageJSONURL (node:internal/modules/package_json_reader:314:9)
browser-boot	Boot public i386 Openbox in v86	2026-07-08T02:25:00.7831749Z     at packageResolve (node:internal/modules/esm/resolve:768:81)
browser-boot	Boot public i386 Openbox in v86	2026-07-08T02:25:00.7832177Z     at moduleResolve (node:internal/modules/esm/resolve:855:18)
browser-boot	Boot public i386 Openbox in v86	2026-07-08T02:25:00.7832564Z     at defaultResolve (node:internal/modules/esm/resolve:985:11)
browser-boot	Boot public i386 Openbox in v86	2026-07-08T02:25:00.7832976Z     at #cachedDefaultResolve (node:internal/modules/esm/loader:747:20)
browser-boot	Boot public i386 Openbox in v86	2026-07-08T02:25:00.7833410Z     at ModuleLoader.resolve (node:internal/modules/esm/loader:724:38)
browser-boot	Boot public i386 Openbox in v86	2026-07-08T02:25:00.7833909Z     at ModuleLoader.getModuleJobForImport (node:internal/modules/esm/loader:320:38)
browser-boot	Boot public i386 Openbox in v86	2026-07-08T02:25:00.7834408Z     at ModuleJob._link (node:internal/modules/esm/module_job:182:49) {
browser-boot	Boot public i386 Openbox in v86	2026-07-08T02:25:00.7834763Z   code: 'ERR_MODULE_NOT_FOUND'
browser-boot	Boot public i386 Openbox in v86	2026-07-08T02:25:00.7835015Z }
browser-boot	Boot public i386 Openbox in v86	2026-07-08T02:25:00.7835122Z 
browser-boot	Boot public i386 Openbox in v86	2026-07-08T02:25:00.7835206Z Node.js v22.23.1
browser-boot	Boot public i386 Openbox in v86	2026-07-08T02:25:00.7871853Z ##[error]Process completed with exit code 1.
browser-boot	Upload browser proof	﻿2026-07-08T02:25:00.7953023Z Node 20 is being deprecated. This workflow is running with Node 24 by default. If you need to temporarily use Node 20, you can set the ACTIONS_ALLOW_USE_UNSECURE_NODE_VERSION=true environment variable. For more information see: https://github.blog/changelog/2025-09-19-deprecation-of-node-20-on-github-actions-runners/
browser-boot	Upload browser proof	2026-07-08T02:25:00.7954762Z ##[group]Run actions/upload-artifact@v4
browser-boot	Upload browser proof	2026-07-08T02:25:00.7955048Z with:
browser-boot	Upload browser proof	2026-07-08T02:25:00.7955271Z   name: gorics-public-q-v86-proof
browser-boot	Upload browser proof	2026-07-08T02:25:00.7955540Z   path: browser-proof/
browser-boot	Upload browser proof	2026-07-08T02:25:00.7955778Z   if-no-files-found: error
browser-boot	Upload browser proof	2026-07-08T02:25:00.7956018Z   retention-days: 14
browser-boot	Upload browser proof	2026-07-08T02:25:00.7956253Z   compression-level: 6
browser-boot	Upload browser proof	2026-07-08T02:25:00.7956464Z   overwrite: false
browser-boot	Upload browser proof	2026-07-08T02:25:00.7956684Z   include-hidden-files: false
browser-boot	Upload browser proof	2026-07-08T02:25:00.7956932Z ##[endgroup]
browser-boot	Upload browser proof	2026-07-08T02:25:00.9602288Z (node:3077) [DEP0040] DeprecationWarning: The `punycode` module is deprecated. Please use a userland alternative instead.
browser-boot	Upload browser proof	2026-07-08T02:25:00.9603142Z (Use `node --trace-deprecation ...` to show where the warning was created)
browser-boot	Upload browser proof	2026-07-08T02:25:00.9697576Z ##[error]No files were found with the provided path: browser-proof/. No artifacts will be uploaded.
browser-boot	Record browser verification	﻿2026-07-08T02:25:00.9795974Z ##[group]Run if test ! -s browser-proof/result.json; then
browser-boot	Record browser verification	2026-07-08T02:25:00.9796427Z ^[[36;1mif test ! -s browser-proof/result.json; then^[[0m
browser-boot	Record browser verification	2026-07-08T02:25:00.9797000Z ^[[36;1m  printf '{"success":false,"error":"browser result missing","run_id":"%s"}\n' "$GITHUB_RUN_ID" > browser-proof-result.json^[[0m
browser-boot	Record browser verification	2026-07-08T02:25:00.9797525Z ^[[36;1melse^[[0m
browser-boot	Record browser verification	2026-07-08T02:25:00.9797819Z ^[[36;1m  cp browser-proof/result.json browser-proof-result.json^[[0m
browser-boot	Record browser verification	2026-07-08T02:25:00.9798165Z ^[[36;1mfi^[[0m
browser-boot	Record browser verification	2026-07-08T02:25:00.9798395Z ^[[36;1mgit config user.name github-actions^[[0m
browser-boot	Record browser verification	2026-07-08T02:25:00.9798738Z ^[[36;1mgit config user.email github-actions@github.com^[[0m
browser-boot	Record browser verification	2026-07-08T02:25:00.9799070Z ^[[36;1mgit fetch origin main^[[0m
browser-boot	Record browser verification	2026-07-08T02:25:00.9799335Z ^[[36;1mgit checkout -B main origin/main^[[0m
browser-boot	Record browser verification	2026-07-08T02:25:00.9799719Z ^[[36;1mcp browser-proof-result.json os/iso/public-q-browser-result.json^[[0m
browser-boot	Record browser verification	2026-07-08T02:25:00.9800144Z ^[[36;1mgit add os/iso/public-q-browser-result.json^[[0m
browser-boot	Record browser verification	2026-07-08T02:25:00.9800588Z ^[[36;1mgit commit -m 'Record public q Chromium v86 boot result [skip ci]' || true^[[0m
browser-boot	Record browser verification	2026-07-08T02:25:00.9801295Z ^[[36;1mgit push origin HEAD:main^[[0m
browser-boot	Record browser verification	2026-07-08T02:25:00.9801565Z ^[[36;1mpython3 - <<'PY'^[[0m
browser-boot	Record browser verification	2026-07-08T02:25:00.9801812Z ^[[36;1mimport json^[[0m
browser-boot	Record browser verification	2026-07-08T02:25:00.9802040Z ^[[36;1mfrom pathlib import Path^[[0m
browser-boot	Record browser verification	2026-07-08T02:25:00.9802432Z ^[[36;1mresult=json.loads(Path('os/iso/public-q-browser-result.json').read_text())^[[0m
browser-boot	Record browser verification	2026-07-08T02:25:00.9802863Z ^[[36;1massert result.get('success') is True^[[0m
browser-boot	Record browser verification	2026-07-08T02:25:00.9803173Z ^[[36;1massert result.get('gui_ready') is True^[[0m
browser-boot	Record browser verification	2026-07-08T02:25:00.9803486Z ^[[36;1massert result.get('xorg_ready') is True^[[0m
browser-boot	Record browser verification	2026-07-08T02:25:00.9803814Z ^[[36;1massert result.get('emulator_started') is True^[[0m
browser-boot	Record browser verification	2026-07-08T02:25:00.9804110Z ^[[36;1mPY^[[0m
browser-boot	Record browser verification	2026-07-08T02:25:00.9840696Z shell: /usr/bin/bash -e {0}
browser-boot	Record browser verification	2026-07-08T02:25:00.9841263Z ##[endgroup]
browser-boot	Record browser verification	2026-07-08T02:25:01.3082401Z From https://github.com/gorics/website
browser-boot	Record browser verification	2026-07-08T02:25:01.3083074Z  * branch              main       -> FETCH_HEAD
browser-boot	Record browser verification	2026-07-08T02:25:01.3083622Z    1dfd1a2..997d2a5b   main       -> origin/main
browser-boot	Record browser verification	2026-07-08T02:25:01.4850644Z Reset branch 'main'
browser-boot	Record browser verification	2026-07-08T02:25:01.4853882Z branch 'main' set up to track 'origin/main'.
browser-boot	Record browser verification	2026-07-08T02:25:01.4854269Z Your branch is up to date with 'origin/main'.
browser-boot	Record browser verification	2026-07-08T02:25:01.4986505Z [main c511449] Record public q Chromium v86 boot result [skip ci]
browser-boot	Record browser verification	2026-07-08T02:25:01.4987210Z  1 file changed, 1 insertion(+)
browser-boot	Record browser verification	2026-07-08T02:25:01.5012160Z  create mode 100644 os/iso/public-q-browser-result.json
browser-boot	Record browser verification	2026-07-08T02:25:02.4268995Z To https://github.com/gorics/website
browser-boot	Record browser verification	2026-07-08T02:25:02.4269615Z    997d2a5b..c511449   HEAD -> main
browser-boot	Record browser verification	2026-07-08T02:25:02.5313079Z Traceback (most recent call last):
browser-boot	Record browser verification	2026-07-08T02:25:02.5313632Z   File "<stdin>", line 4, in <module>
browser-boot	Record browser verification	2026-07-08T02:25:02.5314000Z AssertionError
browser-boot	Record browser verification	2026-07-08T02:25:02.5474395Z ##[error]Process completed with exit code 1.
